z:\共享文件夹\mfc_learning\mfc_vs2015\x64\debug\mfc_vs2015.pch
z:\共享文件夹\mfc_learning\mfc_vs2015\x64\debug\vc140.pdb
z:\共享文件夹\mfc_learning\mfc_vs2015\x64\debug\vc140.idb
z:\共享文件夹\mfc_learning\mfc_vs2015\x64\debug\stdafx.obj
z:\共享文件夹\mfc_learning\mfc_vs2015\x64\debug\addendpage.obj
z:\共享文件夹\mfc_learning\mfc_vs2015\x64\debug\addpage.obj
z:\共享文件夹\mfc_learning\mfc_vs2015\x64\debug\addsheet.obj
z:\共享文件夹\mfc_learning\mfc_vs2015\x64\debug\mfc_vs2015.obj
z:\共享文件夹\mfc_learning\mfc_vs2015\x64\debug\mfc_vs2015dlg.obj
z:\共享文件夹\mfc_learning\mfc_vs2015\x64\debug\summandpage.obj
z:\共享文件夹\mfc_learning\mfc_vs2015\x64\debug\tipdlg.obj
z:\共享文件夹\mfc_learning\x64\debug\mfc_vs2015.ilk
z:\共享文件夹\mfc_learning\x64\debug\mfc_vs2015.exe
z:\共享文件夹\mfc_learning\x64\debug\mfc_vs2015.pdb
z:\共享文件夹\mfc_learning\mfc_vs2015\x64\debug\mfc_vs2015.res
z:\共享文件夹\mfc_learning\mfc_vs2015\x64\debug\mfc_vs2015.tlog\cl.command.1.tlog
z:\共享文件夹\mfc_learning\mfc_vs2015\x64\debug\mfc_vs2015.tlog\cl.read.1.tlog
z:\共享文件夹\mfc_learning\mfc_vs2015\x64\debug\mfc_vs2015.tlog\cl.write.1.tlog
z:\共享文件夹\mfc_learning\mfc_vs2015\x64\debug\mfc_vs2015.tlog\link.command.1.tlog
z:\共享文件夹\mfc_learning\mfc_vs2015\x64\debug\mfc_vs2015.tlog\link.read.1.tlog
z:\共享文件夹\mfc_learning\mfc_vs2015\x64\debug\mfc_vs2015.tlog\link.write.1.tlog
z:\共享文件夹\mfc_learning\mfc_vs2015\x64\debug\mfc_vs2015.tlog\rc.command.1.tlog
z:\共享文件夹\mfc_learning\mfc_vs2015\x64\debug\mfc_vs2015.tlog\rc.read.1.tlog
z:\共享文件夹\mfc_learning\mfc_vs2015\x64\debug\mfc_vs2015.tlog\rc.write.1.tlog
